18:05:54.695 [Worker-118] INFO  o.a.AndroidAnnotationProcessor:84 - Initialize AndroidAnnotations 3.2 with options {phase=BUILD}
18:05:54.699 [Worker-118] INFO  o.a.AndroidAnnotationProcessor:108 - Start processing for 12 annotations on 27 elements
18:05:54.715 [Worker-118] DEBUG o.a.h.AndroidManifestFinder:137 - AndroidManifest.xml file found in parent folder D:\android\eclipse\Hsh: D:\android\eclipse\Hsh\AndroidManifest.xml
18:05:54.719 [Worker-118] INFO  o.a.AndroidAnnotationProcessor:171 - AndroidManifest.xml found: AndroidManifest [applicationPackage=com.pro.hsh, componentQualifiedNames=[com.pro.activity.WelcomeActivity_, com.pro.activity.MainActivity_, com.pro.activity.CommunityActivity_, com.pro.activity.LoginActivity_], permissionQualifiedNames=[], applicationClassName=com.pro.app.HshApp_, libraryProject=false, debugabble=false, minSdkVersion=8, maxSdkVersion=-1, targetSdkVersion=21]
18:05:54.722 [Worker-118] INFO  o.a.r.ProjectRClassFinder:50 - Found project R class: com.pro.hsh.R
18:05:54.728 [Worker-118] INFO  o.a.r.AndroidRClassFinder:44 - Found Android class: android.R
18:05:54.733 [Worker-118] INFO  o.a.p.ModelValidator:42 - Validating elements
18:05:54.736 [Worker-118] DEBUG o.a.p.ModelValidator:62 - Validating with EApplicationHandler: [com.pro.app.HshApp]
18:05:54.738 [Worker-118] DEBUG o.a.p.ModelValidator:62 - Validating with EActivityHandler: [com.pro.activity.LoginActivity, com.pro.activity.MainActivity, com.pro.activity.WelcomeActivity, com.pro.activity.CommunityActivity]
18:05:54.741 [Worker-118] DEBUG o.a.p.ModelValidator:62 - Validating with EFragmentHandler: [com.pro.fragment.HomeFragment, com.pro.fragment.CategroyFragment]
18:05:54.744 [Worker-118] DEBUG o.a.p.ModelValidator:62 - Validating with EBeanHandler: [com.pro.adapter.CommunityGridAdapter, com.pro.adapter.CommunityAdapter, com.pro.adapter.CategoryGridAdapter, com.pro.adapter.CategoryBigAdapter, com.pro.adapter.CategoryAdapter]
18:05:54.747 [Worker-118] DEBUG o.a.p.ModelValidator:62 - Validating with EViewGroupHandler: [com.pro.view.NavView_item, com.pro.view.CommunityView_grid_item, com.pro.view.CategoryView_grid_item, com.pro.view.CategoryView_item, com.pro.view.CategoryViewbig_item, com.pro.view.HomeView_item, com.pro.view.CommunityView_item]
18:05:54.750 [Worker-118] DEBUG o.a.p.ModelValidator:62 - Validating with ViewByIdHandler: [category_detail_list, category_big_list, navimg, datagrid, datalist, navname, datagrid, itemcontent]
18:05:54.753 [Worker-118] DEBUG o.a.p.ModelValidator:62 - Validating with ClickHandler: [public void login_but() , public void TabButClick(android.view.View) , public void community_but() ]
18:05:54.756 [Worker-118] DEBUG o.a.p.ModelValidator:62 - Validating with ItemClickHandler: [public void category_big_list(int) ]
18:05:54.758 [Worker-118] DEBUG o.a.p.ModelValidator:62 - Validating with FullscreenHandler: [com.pro.activity.WelcomeActivity]
18:05:54.761 [Worker-118] DEBUG o.a.p.ModelValidator:62 - Validating with RootContextHanlder: [context, context, context, context, context]
18:05:54.763 [Worker-118] DEBUG o.a.p.ModelValidator:62 - Validating with BeanHandler: [gadpter, gadpter, cbigadapter, cadapter, cadapter]
18:05:54.766 [Worker-118] DEBUG o.a.p.ModelValidator:62 - Validating with AfterViewsHandler: [public void init() , public void init() , public void init() , public void init() , public void init() , public void init() , public void init() ]
18:05:54.769 [Worker-118] INFO  o.a.p.ModelProcessor:69 - Processing root elements
18:05:54.772 [Worker-118] DEBUG o.a.p.ModelProcessor:160 - Processing root elements EApplicationHandler: [com.pro.app.HshApp]
18:05:54.774 [Worker-118] DEBUG o.a.p.ModelProcessor:160 - Processing root elements EActivityHandler: [com.pro.activity.LoginActivity, com.pro.activity.MainActivity, com.pro.activity.WelcomeActivity, com.pro.activity.CommunityActivity]
18:05:54.779 [Worker-118] DEBUG o.a.p.ModelProcessor:160 - Processing root elements EFragmentHandler: [com.pro.fragment.HomeFragment, com.pro.fragment.CategroyFragment]
18:05:54.782 [Worker-118] DEBUG o.a.p.ModelProcessor:160 - Processing root elements EBeanHandler: [com.pro.adapter.CommunityGridAdapter, com.pro.adapter.CommunityAdapter, com.pro.adapter.CategoryGridAdapter, com.pro.adapter.CategoryBigAdapter, com.pro.adapter.CategoryAdapter]
18:05:54.785 [Worker-118] DEBUG o.a.p.ModelProcessor:160 - Processing root elements EViewGroupHandler: [com.pro.view.NavView_item, com.pro.view.CommunityView_grid_item, com.pro.view.CategoryView_grid_item, com.pro.view.CategoryView_item, com.pro.view.CategoryViewbig_item, com.pro.view.HomeView_item, com.pro.view.CommunityView_item]
18:05:54.789 [Worker-118] INFO  o.a.p.ModelProcessor:77 - Processing enclosed elements
18:05:54.792 [Worker-118] INFO  o.a.AndroidAnnotationProcessor:250 - Number of files generated by AndroidAnnotations: 19
18:05:54.795 [Worker-118] INFO  o.a.g.ApiCodeGenerator:52 - Writting following API classes in project: []
18:05:54.798 [Worker-118] DEBUG o.a.g.SourceCodewriter:55 - Generating class: com.pro.fragment.CategroyFragment_
18:05:54.804 [Worker-118] DEBUG o.a.g.SourceCodewriter:55 - Generating class: com.pro.fragment.HomeFragment_
18:05:54.809 [Worker-118] DEBUG o.a.g.SourceCodewriter:55 - Generating class: com.pro.view.CategoryView_grid_item_
18:05:54.816 [Worker-118] DEBUG o.a.g.SourceCodewriter:55 - Generating class: com.pro.view.CategoryView_item_
18:05:54.820 [Worker-118] DEBUG o.a.g.SourceCodewriter:55 - Generating class: com.pro.view.CategoryViewbig_item_
18:05:54.825 [Worker-118] DEBUG o.a.g.SourceCodewriter:55 - Generating class: com.pro.view.CommunityView_grid_item_
18:05:54.831 [Worker-118] DEBUG o.a.g.SourceCodewriter:55 - Generating class: com.pro.view.CommunityView_item_
18:05:54.838 [Worker-118] DEBUG o.a.g.SourceCodewriter:55 - Generating class: com.pro.view.HomeView_item_
18:05:54.842 [Worker-118] DEBUG o.a.g.SourceCodewriter:55 - Generating class: com.pro.view.NavView_item_
18:05:54.846 [Worker-118] DEBUG o.a.g.SourceCodewriter:55 - Generating class: com.pro.app.HshApp_
18:05:54.851 [Worker-118] DEBUG o.a.g.SourceCodewriter:55 - Generating class: com.pro.activity.CommunityActivity_
18:05:54.857 [Worker-118] DEBUG o.a.g.SourceCodewriter:55 - Generating class: com.pro.activity.LoginActivity_
18:05:54.862 [Worker-118] DEBUG o.a.g.SourceCodewriter:55 - Generating class: com.pro.activity.MainActivity_
18:05:54.869 [Worker-118] DEBUG o.a.g.SourceCodewriter:55 - Generating class: com.pro.activity.WelcomeActivity_
18:05:54.875 [Worker-118] DEBUG o.a.g.SourceCodewriter:55 - Generating class: com.pro.adapter.CategoryAdapter_
18:05:54.880 [Worker-118] DEBUG o.a.g.SourceCodewriter:55 - Generating class: com.pro.adapter.CategoryBigAdapter_
18:05:54.886 [Worker-118] DEBUG o.a.g.SourceCodewriter:55 - Generating class: com.pro.adapter.CategoryGridAdapter_
18:05:54.892 [Worker-118] DEBUG o.a.g.SourceCodewriter:55 - Generating class: com.pro.adapter.CommunityAdapter_
18:05:54.898 [Worker-118] DEBUG o.a.g.SourceCodewriter:55 - Generating class: com.pro.adapter.CommunityGridAdapter_
18:05:54.902 [Worker-118] INFO  o.a.p.TimeStats:81 - Time measurements: [Whole Processing = 203 ms], [Generate Sources = 110 ms], [Validate Annotations = 36 ms], [Process Annotations = 23 ms], [Extract Annotations = 13 ms], [Find R Classes = 12 ms], [Extract Manifest = 4 ms], 
18:05:54.904 [Worker-118] INFO  o.a.AndroidAnnotationProcessor:122 - Finish processing
18:06:09.439 [Worker-115] INFO  o.a.AndroidAnnotationProcessor:84 - Initialize AndroidAnnotations 3.2 with options {phase=BUILD}
